#
# A fatal error has been detected by the Java Runtime Environment:
#
#  Internal Error (safepoint.cpp:919), pid=80007, tid=35587
#  fatal error: Illegal threadstate encountered: 4
#
# JRE version: Java(TM) SE Runtime Environment 18.9 (11.0.14+8) (build 11.0.14+8-LTS-263)
# Java VM: Java HotSpot(TM) 64-Bit Server VM 18.9 (11.0.14+8-LTS-263, mixed mode, tiered, compressed oops, g1 gc, bsd-amd64)
# No core dump will be written. Core dumps have been disabled. To enable core dumping, try "ulimit -c unlimited" before starting Java again
#
# If you would like to submit a bug report, please visit:
#   https://bugreport.java.com/bugreport/crash.jsp
# The crash happened outside the Java Virtual Machine in native code.
# See problematic frame for where to report the bug.
#

---------------  S U M M A R Y ------------

Command Line: -javaagent:/Applications/IntelliJ IDEA.app/Contents/lib/idea_rt.jar=57138:/Applications/IntelliJ IDEA.app/Contents/bin -Dfile.encoding=UTF-8 --module-path=/Users/yashlucas/.m2/repository/com/github/almasb/fxgl-entity/11.17/fxgl-entity-11.17.jar:/Users/yashlucas/.m2/repository/com/github/almasb/fxgl/11.17/fxgl-11.17.jar:/Users/yashlucas/.m2/repository/com/github/almasb/fxgl-scene/11.17/fxgl-scene-11.17.jar:/Users/yashlucas/.m2/repository/org/kordamp/bootstrapfx/bootstrapfx-core/0.4.0/bootstrapfx-core-0.4.0.jar:/Users/yashlucas/.m2/repository/com/gluonhq/attach/lifecycle/4.0.9/lifecycle-4.0.9.jar:/Users/yashlucas/.m2/repository/com/github/almasb/fxgl-io/11.17/fxgl-io-11.17.jar:/Users/yashlucas/.m2/repository/org/kordamp/ikonli/ikonli-core/12.3.0/ikonli-core-12.3.0.jar:/Users/yashlucas/.m2/repository/eu/hansolo/tilesfx/11.48/tilesfx-11.48.jar:/Users/yashlucas/.m2/repository/com/fasterxml/jackson/core/jackson-annotations/2.12.1/jackson-annotations-2.12.1.jar:/Users/yashlucas/.m2/repository/org/openjfx/javafx-controls/11.0.2/javafx-controls-11.0.2-mac.jar:/Users/yashlucas/.m2/repository/com/gluonhq/attach/storage/4.0.9/storage-4.0.9.jar:/Users/yashlucas/.m2/repository/org/openjfx/javafx-web/11.0.2/javafx-web-11.0.2-mac.jar:/Users/yashlucas/.m2/repository/org/kordamp/ikonli/ikonli-javafx/12.3.0/ikonli-javafx-12.3.0.jar:/Users/yashlucas/.m2/repository/org/controlsfx/controlsfx/11.1.1/controlsfx-11.1.1.jar:/Users/yashlucas/.m2/repository/com/fasterxml/jackson/core/jackson-databind/2.12.1/jackson-databind-2.12.1.jar:/Users/yashlucas/.m2/repository/org/jetbrains/kotlin/kotlin-stdlib/1.5.10/kotlin-stdlib-1.5.10-modular.jar:/Users/yashlucas/.m2/repository/org/openjfx/javafx-base/11.0.2/javafx-base-11.0.2-mac.jar:/Users/yashlucas/.m2/repository/com/gluonhq/attach/audio/4.0.9/audio-4.0.9.jar:/Users/yashlucas/.m2/repository/org/openjfx/javafx-graphics/11.0.2/javafx-graphics-11.0.2-mac.jar:/Users/yashlucas/.m2/repository/com/fasterxml/jackson/core/jackson-core/2.12.1/jackson-core-2.12.1.jar:/Users/yashlucas/.m2/repository/com/github/almasb/fxgl-gameplay/11.17/fxgl-gameplay-11.17.jar:/Users/yashlucas/.m2/repository/org/-Djdk.module.main=com.example.cia_3 com.example.cia_3/com.example.cia_3.HelloApplication

Host: MacBookAir8,2 x86_64 1600 MHz, 4 cores, 8G, Darwin 21.3.0
Time: Tue May 24 20:22:17 2022 IST elapsed time: 8.390624 seconds (0d 0h 0m 8s)

---------------  T H R E A D  ---------------

Current thread (0x00007fb5b10ab000):  JavaThread "InvokeLaterDispatcher" daemon [_thread_in_native, id=35587, stack(0x000070000ce3b000,0x000070000cf3b000)]

Stack: [0x000070000ce3b000,0x000070000cf3b000],  sp=0x000070000cf39290,  free space=1016k
Native frames: (J=compiled Java code, j=interpreted, Vv=VM code, C=native code)
V  [libjvm.dylib+0x788c86]  VMError::report_and_die(int, char const*, char const*, __va_list_tag*, Thread*, unsigned char*, void*, void*, char const*, int, unsigned long)+0x54c
V  [libjvm.dylib+0x255da4]  report_fatal(VMErrorType, char const*, int, char const*, ...)+0xbc
V  [libjvm.dylib+0x6a8ed4]  SafepointSynchronize::block(JavaThread*)+0x1d8
V  [libjvm.dylib+0x6aaa3d]  SafepointMechanism::block_if_requested_slow(JavaThread*)+0x1d
V  [libjvm.dylib+0x7384e4]  JavaThread::check_safepoint_and_suspend_for_native_trans(JavaThread*)+0x9c
V  [libjvm.dylib+0x3cf33c]  jni_DeleteGlobalRef+0x91
C  [libglass.dylib+0x8851]  -[GlassRunnable dealloc]+0x31
C  [Foundation+0x80eab]  -[_NSThreadPerformInfo dealloc]+0x2a
C  [Foundation+0x4dcd7]  -[NSObject(NSThreadPerformAdditions) performSelectorOnMainThread:withObject:waitUntilDone:]+0x7c
j  com.sun.glass.ui.mac.MacApplication._submitForLaterInvocation(Ljava/lang/Runnable;)V+0 javafx.graphics
j  com.sun.glass.ui.mac.MacApplication.submitForLaterInvocation(Ljava/lang/Runnable;)V+2 javafx.graphics
j  com.sun.glass.ui.InvokeLaterDispatcher.run()V+82 javafx.graphics
v  ~StubRoutines::call_stub
V  [libjvm.dylib+0x3907cb]  JavaCalls::call_helper(JavaValue*, methodHandle const&, JavaCallArguments*, Thread*)+0x207
V  [libjvm.dylib+0x38fc43]  JavaCalls::call_virtual(JavaValue*, Klass*, Symbol*, Symbol*, JavaCallArguments*, Thread*)+0xe9
V  [libjvm.dylib+0x38fcfe]  JavaCalls::call_virtual(JavaValue*, Handle, Klass*, Symbol*, Symbol*, Thread*)+0x62
V  [libjvm.dylib+0x417b83]  thread_entry(JavaThread*, Thread*)+0x78
V  [libjvm.dylib+0x736f36]  JavaThread::thread_main_inner()+0x82
V  [libjvm.dylib+0x736d87]  JavaThread::run()+0x121
V  [libjvm.dylib+0x734c4a]  Thread::call_run()+0x68
V  [libjvm.dylib+0x63a6b6]  thread_native_entry(Thread*)+0x136
C  [libsystem_pthread.dylib+0x64f4]  _pthread_start+0x7d
C  [libsystem_pthread.dylib+0x200f]  thread_start+0xf

Java frames: (J=compiled Java code, j=interpreted, Vv=VM code)
j  com.sun.glass.ui.mac.MacApplication._submitForLaterInvocation(Ljava/lang/Runnable;)V+0 javafx.graphics
j  com.sun.glass.ui.mac.MacApplication.submitForLaterInvocation(Ljava/lang/Runnable;)V+2 javafx.graphics
j  com.sun.glass.ui.InvokeLaterDispatcher.run()V+82 javafx.graphics
v  ~StubRoutines::call_stub

---------------  P R O C E S S  ---------------

Threads class SMR info:
_java_thread_list=0x000060000247a2c0, length=18, elements={
0x00007fb5b1009000, 0x00007fb5b302c800, 0x00007fb5b2827800, 0x00007fb5b2828800,
0x00007fb5b2829800, 0x00007fb5b3033800, 0x00007fb5b282a000, 0x00007fb5b282b000,
0x00007fb5b30ae800, 0x00007fb5b28d5000, 0x00007fb5b21ca800, 0x00007fb5b3269800,
0x00007fb5b10ab000, 0x00007fb5b3278000, 0x00007fb5b22d9000, 0x00007fb5b1139800,
0x00007fb5b5b42000, 0x00007fb5b5b54800
}

Java Threads: ( => current thread )
  0x00007fb5b1009000 JavaThread "main" [_thread_blocked, id=9731, stack(0x000070000b7f6000,0x000070000b8f6000)]
  0x00007fb5b302c800 JavaThread "Reference Handler" daemon [_thread_blocked, id=17667, stack(0x000070000bf0b000,0x000070000c00b000)]
  0x00007fb5b2827800 JavaThread "Finalizer" daemon [_thread_blocked, id=17411, stack(0x000070000c00e000,0x000070000c10e000)]
  0x00007fb5b2828800 JavaThread "Signal Dispatcher" daemon [_thread_blocked, id=16131, stack(0x000070000c217000,0x000070000c317000)]
  0x00007fb5b2829800 JavaThread "Service Thread" daemon [_thread_blocked, id=21763, stack(0x000070000c31a000,0x000070000c41a000)]
  0x00007fb5b3033800 JavaThread "C2 CompilerThread0" daemon [_thread_blocked, id=42755, stack(0x000070000c41d000,0x000070000c51d000)]
  0x00007fb5b282a000 JavaThread "C1 CompilerThread0" daemon [_thread_blocked, id=41987, stack(0x000070000c520000,0x000070000c620000)]
  0x00007fb5b282b000 JavaThread "Sweeper thread" daemon [_thread_blocked, id=41731, stack(0x000070000c623000,0x000070000c723000)]
  0x00007fb5b30ae800 JavaThread "Common-Cleaner" daemon [_thread_blocked, id=22531, stack(0x000070000c726000,0x000070000c826000)]
  0x00007fb5b28d5000 JavaThread "Monitor Ctrl-Break" daemon [_thread_in_native, id=40707, stack(0x000070000c829000,0x000070000c929000)]
  0x00007fb5b21ca800 JavaThread "QuantumRenderer-0" daemon [_thread_in_native, id=39171, stack(0x000070000cc35000,0x000070000cd35000)]
  0x00007fb5b3269800 JavaThread "Attach Listener" daemon [_thread_blocked, id=38663, stack(0x000070000cd38000,0x000070000ce38000)]
=>0x00007fb5b10ab000 JavaThread "InvokeLaterDispatcher" daemon [_thread_in_native, id=35587, stack(0x000070000ce3b000,0x000070000cf3b000)]
  0x00007fb5b3278000 JavaThread "JavaFX Application Thread" [_thread_in_native_trans, id=259, stack(0x00007ff7bbf63000,0x00007ff7bc763000)]
  0x00007fb5b22d9000 JavaThread "Thread-2" daemon [_thread_in_native, id=82959, stack(0x000070000cfc1000,0x000070000d041000)]
  0x00007fb5b1139800 JavaThread "JavaFX-Launcher" [_thread_blocked, id=54275, stack(0x000070000d1cd000,0x000070000d2cd000)]
  0x00007fb5b5b42000 JavaThread "Prism Font Disposer" daemon [_thread_blocked, id=72715, stack(0x000070000d3d3000,0x000070000d4d3000)]
  0x00007fb5b5b54800 JavaThread "Cleaner-0" daemon [_thread_blocked, id=61195, stack(0x000070000d4d6000,0x000070000d5d6000)]

Other Threads:
  0x00007fb5b1038800 VMThread "VM Thread" [stack: 0x000070000be08000,0x000070000bf08000] [id=18179]
  0x00007fb5b30e5800 WatcherThread [stack: 0x000070000c92c000,0x000070000ca2c000] [id=40195]
  0x00007fb5b3010800 GCTaskThread "GC Thread#0" [stack: 0x000070000b8f9000,0x000070000b9f9000] [id=20995]
  0x00007fb5b208e000 GCTaskThread "GC Thread#1" [stack: 0x000070000ca2f000,0x000070000cb2f000] [id=39683]
  0x00007fb5b28f3800 GCTaskThread "GC Thread#2" [stack: 0x000070000cb32000,0x000070000cc32000] [id=23299]
  0x00007fb5b22e2000 GCTaskThread "GC Thread#3" [stack: 0x000070000d2d0000,0x000070000d3d0000] [id=56855]
  0x00007fb5b1032000 ConcurrentGCThread "G1 Main Marker" [stack: 0x000070000b9fc000,0x000070000bafc000] [id=20483]
  0x00007fb5b200e800 ConcurrentGCThread "G1 Conc#0" [stack: 0x000070000baff000,0x000070000bbff000] [id=19715]
  0x00007fb5b2064000 ConcurrentGCThread "G1 Refine#0" [stack: 0x000070000bc02000,0x000070000bd02000] [id=11779]
  0x00007fb5b2809000 ConcurrentGCThread "G1 Young RemSet Sampling" [stack: 0x000070000bd05000,0x000070000be05000] [id=19203]

Threads with active compile tasks:

VM state:not at safepoint (normal execution)

VM Mutex/Monitor currently owned by a thread: None

Heap address: 0x0000000780000000, size: 2048 MB, Compressed Oops mode: Zero based, Oop shift amount: 3
Narrow klass base: 0x0000000800000000, Narrow klass shift: 0
Compressed class space size: 1073741824 Address: 0x0000000800000000

Heap:
 garbage-first heap   total 131072K, used 30103K [0x0000000780000000, 0x0000000800000000)
  region size 1024K, 26 young (26624K), 8 survivors (8192K)
 Metaspace       used 24960K, capacity 25877K, committed 26240K, reserved 1071104K
  class space    used 3193K, capacity 3596K, committed 3712K, reserved 1048576K
Heap Regions: E=young(eden), S=young(survivor), O=old, HS=humongous(starts), HC=humongous(continues), CS=collection set, F=free, A=archive, TAMS=top-at-mark-start (previous, next)
|   0|0x0000000780000000, 0x0000000780100000, 0x0000000780100000|100%|HS|  |TAMS 0x0000000780100000, 0x0000000780000000| Complete 
|   1|0x0000000780100000, 0x0000000780200000, 0x0000000780200000|100%|HS|  |TAMS 0x0000000780100000, 0x0000000780100000| Complete 
|   2|0x0000000780200000, 0x0000000780300000, 0x0000000780300000|100%|HC|  |TAMS 0x0000000780200000, 0x0000000780200000| Complete 
|   3|0x0000000780300000, 0x0000000780400000, 0x0000000780400000|100%|HS|  |TAMS 0x0000000780300000, 0x0000000780300000| Complete 
|   4|0x0000000780400000, 0x0000000780500000, 0x0000000780500000|100%|HC|  |TAMS 0x0000000780400000, 0x0000000780400000| Complete 
|   5|0x0000000780500000, 0x0000000780500000, 0x0000000780600000|  0%| F|  |TAMS 0x0000000780500000, 0x0000000780500000| Untracked 
|   6|0x0000000780600000, 0x0000000780600000, 0x0000000780700000|  0%| F|  |TAMS 0x0000000780600000, 0x0000000780600000| Untracked 
|   7|0x0000000780700000, 0x0000000780700000, 0x0000000780800000|  0%| F|  |TAMS 0x0000000780700000, 0x0000000780700000| Untracked 
|   8|0x0000000780800000, 0x0000000780800000, 0x0000000780900000|  0%| F|  |TAMS 0x0000000780800000, 0x0000000780800000| Untracked 
|   9|0x0000000780900000, 0x0000000780900000, 0x0000000780a00000|  0%| F|  |TAMS 0x0000000780900000, 0x0000000780900000| Untracked 
|  10|0x0000000780a00000, 0x0000000780a00000, 0x0000000780b00000|  0%| F|  |TAMS 0x0000000780a00000, 0x0000000780a00000| Untracked 
|  11|0x0000000780b00000, 0x0000000780b00000, 0x0000000780c00000|  0%| F|  |TAMS 0x0000000780b00000, 0x0000000780b00000| Untracked 
|  12|0x0000000780c00000, 0x0000000780c00000, 0x0000000780d00000|  0%| F|  |TAMS 0x0000000780c00000, 0x0000000780c00000| Untracked 
|  13|0x0000000780d00000, 0x0000000780d00000, 0x0000000780e00000|  0%| F|  |TAMS 0x0000000780d00000, 0x0000000780d00000| Untracked 
|  14|0x0000000780e00000, 0x0000000780e00000, 0x0000000780f00000|  0%| F|  |TAMS 0x0000000780e00000, 0x0000000780e00000| Untracked 
|  15|0x0000000780f00000, 0x0000000780f00000, 0x0000000781000000|  0%| F|  |TAMS 0x0000000780f00000, 0x0000000780f00000| Untracked 
|  16|0x0000000781000000, 0x0000000781000000, 0x0000000781100000|  0%| F|  |TAMS 0x0000000781000000, 0x0000000781000000| Untracked 
|  17|0x0000000781100000, 0x0000000781100000, 0x0000000781200000|  0%| F|  |TAMS 0x0000000781100000, 0x0000000781100000| Untracked 
|  18|0x0000000781200000, 0x0000000781200000, 0x0000000781300000|  0%| F|  |TAMS 0x0000000781200000, 0x0000000781200000| Untracked 
|  19|0x0000000781300000, 0x0000000781300000, 0x0000000781400000|  0%| F|  |TAMS 0x0000000781300000, 0x0000000781300000| Untracked 
|  20|0x0000000781400000, 0x0000000781400000, 0x0000000781500000|  0%| F|  |TAMS 0x0000000781400000, 0x0000000781400000| Untracked 
|  21|0x0000000781500000, 0x0000000781500000, 0x0000000781600000|  0%| F|  |TAMS 0x0000000781500000, 0x0000000781500000| Untracked 
|  22|0x0000000781600000, 0x0000000781600000, 0x0000000781700000|  0%| F|  |TAMS 0x0000000781600000, 0x0000000781600000| Untracked 
|  23|0x0000000781700000, 0x0000000781700000, 0x0000000781800000|  0%| F|  |TAMS 0x0000000781700000, 0x0000000781700000| Untracked 
|  24|0x0000000781800000, 0x0000000781800000, 0x0000000781900000|  0%| F|  |TAMS 0x0000000781800000, 0x0000000781800000| Untracked 
|  25|0x0000000781900000, 0x0000000781900000, 0x0000000781a00000|  0%| F|  |TAMS 0x0000000781900000, 0x0000000781900000| Untracked 
|  26|0x0000000781a00000, 0x0000000781a00000, 0x0000000781b00000|  0%| F|  |TAMS 0x0000000781a00000, 0x0000000781a00000| Untracked 
|  27|0x0000000781b00000, 0x0000000781b00000, 0x0000000781c00000|  0%| F|  |TAMS 0x0000000781b00000, 0x0000000781b00000| Untracked 
|  28|0x0000000781c00000, 0x0000000781c00000, 0x0000000781d00000|  0%| F|  |TAMS 0x0000000781c00000, 0x0000000781c00000| Untracked 
|  29|0x0000000781d00000, 0x0000000781d00000, 0x0000000781e00000|  0%| F|  |TAMS 0x0000000781d00000, 0x0000000781d00000| Untracked 
|  30|0x0000000781e00000, 0x0000000781e00000, 0x0000000781f00000|  0%| F|  |TAMS 0x0000000781e00000, 0x0000000781e00000| Untracked 
|  31|0x0000000781f00000, 0x0000000781f00000, 0x0000000782000000|  0%| F|  |TAMS 0x0000000781f00000, 0x0000000781f00000| Untracked 
|  32|0x0000000782000000, 0x0000000782000000, 0x0000000782100000|  0%| F|  |TAMS 0x0000000782000000, 0x0000000782000000| Untracked 
|  33|0x0000000782100000, 0x0000000782100000, 0x0000000782200000|  0%| F|  |TAMS 0x0000000782100000, 0x0000000782100000| Untracked 
|  34|0x0000000782200000, 0x0000000782200000, 0x0000000782300000|  0%| F|  |TAMS 0x0000000782200000, 0x0000000782200000| Untracked 
|  35|0x0000000782300000, 0x0000000782300000, 0x0000000782400000|  0%| F|  |TAMS 0x0000000782300000, 0x0000000782300000| Untracked 
|  36|0x0000000782400000, 0x0000000782400000, 0x0000000782500000|  0%| F|  |TAMS 0x0000000782400000, 0x0000000782400000| Untracked 
|  37|0x0000000782500000, 0x0000000782500000, 0x0000000782600000|  0%| F|  |TAMS 0x0000000782500000, 0x0000000782500000| Untracked 
|  38|0x0000000782600000, 0x0000000782600000, 0x0000000782700000|  0%| F|  |TAMS 0x0000000782600000, 0x0000000782600000| Untracked 
|  39|0x0000000782700000, 0x0000000782700000, 0x0000000782800000|  0%| F|  |TAMS 0x0000000782700000, 0x0000000782700000| Untracked 
|  40|0x0000000782800000, 0x0000000782800000, 0x0000000782900000|  0%| F|  |TAMS 0x0000000782800000, 0x0000000782800000| Untracked 
|  41|0x0000000782900000, 0x0000000782900000, 0x0000000782a00000|  0%| F|  |TAMS 0x0000000782900000, 0x0000000782900000| Untracked 
|  42|0x0000000782a00000, 0x0000000782a00000, 0x0000000782b00000|  0%| F|  |TAMS 0x0000000782a00000, 0x0000000782a00000| Untracked 
|  43|0x0000000782b00000, 0x0000000782b00000, 0x0000000782c00000|  0%| F|  |TAMS 0x0000000782b00000, 0x0000000782b00000| Untracked 
|  44|0x0000000782c00000, 0x0000000782c00000, 0x0000000782d00000|  0%| F|  |TAMS 0x0000000782c00000, 0x0000000782c00000| Untracked 
|  45|0x0000000782d00000, 0x0000000782d00000, 0x0000000782e00000|  0%| F|  |TAMS 0x0000000782d00000, 0x0000000782d00000| Untracked 
|  46|0x0000000782e00000, 0x0000000782e00000, 0x0000000782f00000|  0%| F|  |TAMS 0x0000000782e00000, 0x0000000782e00000| Untracked 
|  47|0x0000000782f00000, 0x0000000782f00000, 0x0000000783000000|  0%| F|  |TAMS 0x0000000782f00000, 0x0000000782f00000| Untracked 
|  48|0x0000000783000000, 0x0000000783000000, 0x0000000783100000|  0%| F|  |TAMS 0x0000000783000000, 0x0000000783000000| Untracked 
|  49|0x0000000783100000, 0x0000000783100000, 0x0000000783200000|  0%| F|  |TAMS 0x0000000783100000, 0x0000000783100000| Untracked 
|  50|0x0000000783200000, 0x0000000783200000, 0x0000000783300000|  0%| F|  |TAMS 0x0000000783200000, 0x0000000783200000| Untracked 
|  51|0x0000000783300000, 0x0000000783300000, 0x0000000783400000|  0%| F|  |TAMS 0x0000000783300000, 0x0000000783300000| Untracked 
|  52|0x0000000783400000, 0x0000000783400000, 0x0000000783500000|  0%| F|  |TAMS 0x0000000783400000, 0x0000000783400000| Untracked 
|  53|0x0000000783500000, 0x0000000783500000, 0x0000000783600000|  0%| F|  |TAMS 0x0000000783500000, 0x0000000783500000| Untracked 
|  54|0x0000000783600000, 0x0000000783600000, 0x0000000783700000|  0%| F|  |TAMS 0x0000000783600000, 0x0000000783600000| Untracked 
|  55|0x0000000783700000, 0x0000000783700000, 0x0000000783800000|  0%| F|  |TAMS 0x0000000783700000, 0x0000000783700000| Untracked 
|  56|0x0000000783800000, 0x0000000783800000, 0x0000000783900000|  0%| F|  |TAMS 0x0000000783800000, 0x0000000783800000| Untracked 
|  57|0x0000000783900000, 0x0000000783900000, 0x0000000783a00000|  0%| F|  |TAMS 0x0000000783900000, 0x0000000783900000| Untracked 
|  58|0x0000000783a00000, 0x0000000783a00000, 0x0000000783b00000|  0%| F|  |TAMS 0x0000000783a00000, 0x0000000783a00000| Untracked 
|  59|0x0000000783b00000, 0x0000000783b00000, 0x0000000783c00000|  0%| F|  |TAMS 0x0000000783b00000, 0x0000000783b00000| Untracked 
|  60|0x0000000783c00000, 0x0000000783c00000, 0x0000000783d00000|  0%| F|  |TAMS 0x0000000783c00000, 0x0000000783c00000| Untracked 
|  61|0x0000000783d00000, 0x0000000783d00000, 0x0000000783e00000|  0%| F|  |TAMS 0x0000000783d00000, 0x0000000783d00000| Untracked 
|  62|0x0000000783e00000, 0x0000000783e00000, 0x0000000783f00000|  0%| F|  |TAMS 0x0000000783e00000, 0x0000000783e00000| Untracked 
|  63|0x0000000783f00000, 0x0000000783f00000, 0x0000000784000000|  0%| F|  |TAMS 0x0000000783f00000, 0x0000000783f00000| Untracked 
|  64|0x0000000784000000, 0x0000000784000000, 0x0000000784100000|  0%| F|  |TAMS 0x0000000784000000, 0x0000000784000000| Untracked 
|  65|0x0000000784100000, 0x0000000784100000, 0x0000000784200000|  0%| F|  |TAMS 0x0000000784100000, 0x0000000784100000| Untracked 
|  66|0x0000000784200000, 0x0000000784200000, 0x0000000784300000|  0%| F|  |TAMS 0x0000000784200000, 0x0000000784200000| Untracked 
|  67|0x0000000784300000, 0x0000000784300000, 0x0000000784400000|  0%| F|  |TAMS 0x0000000784300000, 0x0000000784300000| Untracked 
|  68|0x0000000784400000, 0x0000000784400000, 0x0000000784500000|  0%| F|  |TAMS 0x0000000784400000, 0x0000000784400000| Untracked 
|  69|0x0000000784500000, 0x0000000784500000, 0x0000000784600000|  0%| F|  |TAMS 0x0000000784500000, 0x0000000784500000| Untracked 
|  70|0x0000000784600000, 0x0000000784600000, 0x0000000784700000|  0%| F|  |TAMS 0x0000000784600000, 0x0000000784600000| Untracked 
|  71|0x0000000784700000, 0x0000000784700000, 0x0000000784800000|  0%| F|  |TAMS 0x0000000784700000, 0x0000000784700000| Untracked 
|  72|0x0000000784800000, 0x0000000784800000, 0x0000000784900000|  0%| F|  |TAMS 0x0000000784800000, 0x0000000784800000| Untracked 
|  73|0x0000000784900000, 0x0000000784900000, 0x0000000784a00000|  0%| F|  |TAMS 0x0000000784900000, 0x0000000784900000| Untracked 
|  74|0x0000000784a00000, 0x0000000784a00000, 0x0000000784b00000|  0%| F|  |TAMS 0x0000000784a00000, 0x0000000784a00000| Untracked 
|  75|0x0000000784b00000, 0x0000000784b00000, 0x0000000784c00000|  0%| F|  |TAMS 0x0000000784b00000, 0x0000000784b00000| Untracked 
|  76|0x0000000784c00000, 0x0000000784c00000, 0x0000000784d00000|  0%| F|  |TAMS 0x0000000784c00000, 0x0000000784c00000| Untracked 
|  77|0x0000000784d00000, 0x0000000784d00000, 0x0000000784e00000|  0%| F|  |TAMS 0x0000000784d00000, 0x0000000784d00000| Untracked 
|  78|0x0000000784e00000, 0x0000000784e65dc0, 0x0000000784f00000| 39%| S|CS|TAMS 0x0000000784e00000, 0x0000000784e00000| Complete 
|  79|0x0000000784f00000, 0x0000000785000000, 0x0000000785000000|100%| S|CS|TAMS 0x0000000784f00000, 0x0000000784f00000| Complete 
|  80|0x0000000785000000, 0x0000000785100000, 0x0000000785100000|100%| S|CS|TAMS 0x0000000785000000, 0x0000000785000000| Complete 
|  81|0x0000000785100000, 0x0000000785200000, 0x0000000785200000|100%| S|CS|TAMS 0x0000000785100000, 0x0000000785100000| Complete 
|  82|0x0000000785200000, 0x0000000785300000, 0x0000000785300000|100%| S|CS|TAMS 0x0000000785200000, 0x0000000785200000| Complete 
|  83|0x0000000785300000, 0x0000000785400000, 0x0000000785400000|100%| S|CS|TAMS 0x0000000785300000, 0x0000000785300000| Complete 
|  84|0x0000000785400000, 0x0000000785500000, 0x0000000785500000|100%| S|CS|TAMS 0x0000000785400000, 0x0000000785400000| Complete 
|  85|0x0000000785500000, 0x0000000785600000, 0x0000000785600000|100%| S|CS|TAMS 0x0000000785500000, 0x0000000785500000| Complete 
|  86|0x0000000785600000, 0x0000000785600000, 0x0000000785700000|  0%| F|  |TAMS 0x0000000785600000, 0x0000000785600000| Untracked 
|  87|0x0000000785700000, 0x0000000785700000, 0x0000000785800000|  0%| F|  |TAMS 0x0000000785700000, 0x0000000785700000| Untracked 
|  88|0x0000000785800000, 0x0000000785800000, 0x0000000785900000|  0%| F|  |TAMS 0x0000000785800000, 0x0000000785800000| Untracked 
|  89|0x0000000785900000, 0x0000000785900000, 0x0000000785a00000|  0%| F|  |TAMS 0x0000000785900000, 0x0000000785900000| Untracked 
|  90|0x0000000785a00000, 0x0000000785a00000, 0x0000000785b00000|  0%| F|  |TAMS 0x0000000785a00000, 0x0000000785a00000| Untracked 
|  91|0x0000000785b00000, 0x0000000785b00000, 0x0000000785c00000|  0%| F|  |TAMS 0x0000000785b00000, 0x0000000785b00000| Untracked 
|  92|0x0000000785c00000, 0x0000000785c00000, 0x0000000785d00000|  0%| F|  |TAMS 0x0000000785c00000, 0x0000000785c00000| Untracked 
|  93|0x0000000785d00000, 0x0000000785d00000, 0x0000000785e00000|  0%| F|  |TAMS 0x0000000785d00000, 0x0000000785d00000| Untracked 
|  94|0x0000000785e00000, 0x0000000785e00000, 0x0000000785f00000|  0%| F|  |TAMS 0x0000000785e00000, 0x0000000785e00000| Untracked 
|  95|0x0000000785f00000, 0x0000000785f00000, 0x0000000786000000|  0%| F|  |TAMS 0x0000000785f00000, 0x0000000785f00000| Untracked 
|  96|0x0000000786000000, 0x0000000786000000, 0x0000000786100000|  0%| F|  |TAMS 0x0000000786000000, 0x0000000786000000| Untracked 
|  97|0x0000000786100000, 0x0000000786100000, 0x0000000786200000|  0%| F|  |TAMS 0x0000000786100000, 0x0000000786100000| Untracked 
|  98|0x0000000786200000, 0x0000000786200000, 0x0000000786300000|  0%| F|  |TAMS 0x0000000786200000, 0x0000000786200000| Untracked 
|  99|0x0000000786300000, 0x0000000786300000, 0x0000000786400000|  0%| F|  |TAMS 0x0000000786300000, 0x0000000786300000| Untracked 
| 100|0x0000000786400000, 0x0000000786400000, 0x0000000786500000|  0%| F|  |TAMS 0x0000000786400000, 0x0000000786400000| Untracked 
| 101|0x0000000786500000, 0x0000000786500000, 0x0000000786600000|  0%| F|  |TAMS 0x0000000786500000, 0x0000000786500000| Untracked 
| 102|0x0000000786600000, 0x0000000786600000, 0x0000000786700000|  0%| F|  |TAMS 0x0000000786600000, 0x0000000786600000| Untracked 
| 103|0x0000000786700000, 0x0000000786700000, 0x0000000786800000|  0%| F|  |TAMS 0x0000000786700000, 0x0000000786700000| Untracked 
| 104|0x0000000786800000, 0x0000000786800000, 0x0000000786900000|  0%| F|  |TAMS 0x0000000786800000, 0x0000000786800000| Untracked 
| 105|0x0000000786900000, 0x0000000786900000, 0x0000000786a00000|  0%| F|  |TAMS 0x0000000786900000, 0x0000000786900000| Untracked 
| 106|0x0000000786a00000, 0x0000000786a00000, 0x0000000786b00000|  0%| F|  |TAMS 0x0000000786a00000, 0x0000000786a00000| Untracked 
| 107|0x0000000786b00000, 0x0000000786b00000, 0x0000000786c00000|  0%| F|  |TAMS 0x0000000786b00000, 0x0000000786b00000| Untracked 
| 108|0x0000000786c00000, 0x0000000786c00000, 0x0000000786d00000|  0%| F|  |TAMS 0x0000000786c00000, 0x0000000786c00000| Untracked 
| 109|0x0000000786d00000, 0x0000000786d00000, 0x0000000786e00000|  0%| F|  |TAMS 0x0000000786d00000, 0x0000000786d00000| Untracked 
| 110|0x0000000786e00000, 0x0000000786e32ab8, 0x0000000786f00000| 19%| E|  |TAMS 0x0000000786e00000, 0x0000000786e00000| Complete 
| 111|0x0000000786f00000, 0x0000000787000000, 0x0000000787000000|100%| E|CS|TAMS 0x0000000786f00000, 0x0000000786f00000| Complete 
| 112|0x0000000787000000, 0x0000000787100000, 0x0000000787100000|100%| E|CS|TAMS 0x0000000787000000, 0x0000000787000000| Complete 
| 113|0x0000000787100000, 0x0000000787200000, 0x0000000787200000|100%| E|CS|TAMS 0x0000000787100000, 0x0000000787100000| Complete 
| 114|0x0000000787200000, 0x0000000787300000, 0x0000000787300000|100%| E|CS|TAMS 0x0000000787200000, 0x0000000787200000| Complete 
| 115|0x0000000787300000, 0x0000000787400000, 0x0000000787400000|100%| E|CS|TAMS 0x0000000787300000, 0x0000000787300000| Complete 
| 116|0x0000000787400000, 0x0000000787500000, 0x0000000787500000|100%| E|CS|TAMS 0x0000000787400000, 0x0000000787400000| Complete 
| 117|0x0000000787500000, 0x0000000787600000, 0x0000000787600000|100%| E|CS|TAMS 0x0000000787500000, 0x0000000787500000| Complete 
| 118|0x0000000787600000, 0x0000000787700000, 0x0000000787700000|100%| E|CS|TAMS 0x0000000787600000, 0x0000000787600000| Complete 
| 119|0x0000000787700000, 0x0000000787800000, 0x0000000787800000|100%| E|CS|TAMS 0x0000000787700000, 0x0000000787700000| Complete 
| 120|0x0000000787800000, 0x0000000787900000, 0x0000000787900000|100%| E|CS|TAMS 0x0000000787800000, 0x0000000787800000| Complete 
| 121|0x0000000787900000, 0x0000000787a00000, 0x0000000787a00000|100%| E|CS|TAMS 0x0000000787900000, 0x0000000787900000| Complete 
| 122|0x0000000787a00000, 0x0000000787b00000, 0x0000000787b00000|100%| E|CS|TAMS 0x0000000787a00000, 0x0000000787a00000| Complete 
| 123|0x0000000787b00000, 0x0000000787c00000, 0x0000000787c00000|100%| E|CS|TAMS 0x0000000787b00000, 0x0000000787b00000| Complete 
| 124|0x0000000787c00000, 0x0000000787d00000, 0x0000000787d00000|100%| E|CS|TAMS 0x0000000787c00000, 0x0000000787c00000| Complete 
| 125|0x0000000787d00000, 0x0000000787e00000, 0x0000000787e00000|100%| E|CS|TAMS 0x0000000787d00000, 0x0000000787d00000| Complete 
| 126|0x0000000787e00000, 0x0000000787f00000, 0x0000000787f00000|100%| E|CS|TAMS 0x0000000787e00000, 0x0000000787e00000| Complete 
| 127|0x0000000787f00000, 0x0000000788000000, 0x0000000788000000|100%| E|CS|TAMS 0x0000000787f00000, 0x0000000787f00000| Complete 

Card table byte_map: [0x0000000103f76000,0x0000000104376000] _byte_map_base: 0x0000000100376000

Marking Bits (Prev, Next): (CMBitMap*) 0x00007fb5b1029250, (CMBitMap*) 0x00007fb5b1029218
 Prev Bits: [0x000000011fdcc000, 0x0000000121dcc000)
 Next Bits: [0x00000001057e3000, 0x00000001077e3000)

Polling page: 0x00000001038dc000

Metaspace:

Usage:
  Non-class:     21.76 MB capacity,    21.26 MB ( 98%) used,   411.87 KB (  2%) free+waste,   101.62 KB ( <1%) overhead. 
      Class:      3.51 MB capacity,     3.12 MB ( 89%) used,   347.89 KB ( 10%) free+waste,    54.81 KB (  2%) overhead. 
       Both:     25.27 MB capacity,    24.38 MB ( 96%) used,   759.76 KB (  3%) free+waste,   156.44 KB ( <1%) overhead. 

Virtual space:
  Non-class space:       22.00 MB reserved,      22.00 MB (100%) committed 
      Class space:        1.00 GB reserved,       3.62 MB ( <1%) committed 
             Both:        1.02 GB reserved,      25.62 MB (  2%) committed 

Chunk freelists:
   Non-Class:  4.88 KB
       Class:  0 bytes
        Both:  4.88 KB

CodeHeap 'non-profiled nmethods': size=120032Kb used=990Kb max_used=990Kb free=119041Kb
 bounds [0x0000000118894000, 0x0000000118b04000, 0x000000011fdcc000]
CodeHeap 'profiled nmethods': size=120032Kb used=4298Kb max_used=4298Kb free=115734Kb
 bounds [0x000000011135c000, 0x000000011179c000, 0x0000000118894000]
CodeHeap 'non-nmethods': size=5696Kb used=1335Kb max_used=1357Kb free=4360Kb
 bounds [0x0000000110dcc000, 0x000000011103c000, 0x000000011135c000]
 total_blobs=3352 nmethods=2570 adapters=693
 compilation: enabled
              stopped_count=0, restarted_count=0
 full_count=0

Compilation events (10 events):
Event: 8.042 Thread 0x00007fb5b282a000 2602       3       com.sun.javafx.application.PlatformImpl::isCaspian (4 bytes)
Event: 8.042 Thread 0x00007fb5b282a000 nmethod 2602 0x000000011178c110 code [0x000000011178c2a0, 0x000000011178c390]
Event: 8.046 Thread 0x00007fb5b282a000 2604       3       java.util.concurrent.locks.ReentrantLock::lock (9 bytes)
Event: 8.047 Thread 0x00007fb5b282a000 nmethod 2604 0x000000011178c410 code [0x000000011178c600, 0x000000011178ca50]
Event: 8.054 Thread 0x00007fb5b3033800 2605       4       java.lang.String::getBytes (44 bytes)
Event: 8.057 Thread 0x00007fb5b3033800 nmethod 2605 0x000000011898b590 code [0x000000011898b720, 0x000000011898b838]
Event: 8.170 Thread 0x00007fb5b282a000 2606       3       javafx.scene.Parent::layout (160 bytes)
Event: 8.176 Thread 0x00007fb5b282a000 nmethod 2606 0x000000011178cc10 code [0x000000011178ce80, 0x000000011178ddf0]
Event: 8.244 Thread 0x00007fb5b282a000 2607   !   3       java.nio.DirectFloatBufferU::put (32 bytes)
Event: 8.245 Thread 0x00007fb5b282a000 nmethod 2607 0x000000011178e110 code [0x000000011178e2e0, 0x000000011178e5d0]

GC Heap History (4 events):
Event: 0.898 GC heap before
{Heap before GC invocations=0 (full 0):
 garbage-first heap   total 131072K, used 13311K [0x0000000780000000, 0x0000000800000000)
  region size 1024K, 14 young (14336K), 0 survivors (0K)
 Metaspace       used 7765K, capacity 7936K, committed 8064K, reserved 1056768K
  class space    used 738K, capacity 796K, committed 896K, reserved 1048576K
}
Event: 0.902 GC heap after
{Heap after GC invocations=1 (full 0):
 garbage-first heap   total 131072K, used 1590K [0x0000000780000000, 0x0000000800000000)
  region size 1024K, 2 young (2048K), 2 survivors (2048K)
 Metaspace       used 7765K, capacity 7936K, committed 8064K, reserved 1056768K
  class space    used 738K, capacity 796K, committed 896K, reserved 1048576K
}
Event: 4.293 GC heap before
{Heap before GC invocations=1 (full 0):
 garbage-first heap   total 131072K, used 41526K [0x0000000780000000, 0x0000000800000000)
  region size 1024K, 42 young (43008K), 2 survivors (2048K)
 Metaspace       used 20684K, capacity 21174K, committed 21248K, reserved 1067008K
  class space    used 2498K, capacity 2757K, committed 2816K, reserved 1048576K
}
Event: 4.323 GC heap after
{Heap after GC invocations=2 (full 0):
 garbage-first heap   total 131072K, used 8599K [0x0000000780000000, 0x0000000800000000)
  region size 1024K, 8 young (8192K), 8 survivors (8192K)
 Metaspace       used 20684K, capacity 21174K, committed 21248K, reserved 1067008K
  class space    used 2498K, capacity 2757K, committed 2816K, reserved 1048576K
}

Deoptimization events (10 events):
Event: 4.147 Thread 0x00007fb5b3278000 Uncommon trap: reason=unstable_if action=reinterpret pc=0x00000001188ac8d4 method=java.lang.StringLatin1.canEncode(I)Z @ 4 c2
Event: 4.265 Thread 0x00007fb5b3278000 Uncommon trap: reason=class_check action=maybe_recompile pc=0x000000011889eb60 method=java.lang.String.equals(Ljava/lang/Object;)Z @ 8 c2
Event: 4.265 Thread 0x00007fb5b3278000 Uncommon trap: reason=class_check action=maybe_recompile pc=0x000000011889eb60 method=java.lang.String.equals(Ljava/lang/Object;)Z @ 8 c2
Event: 4.265 Thread 0x00007fb5b3278000 Uncommon trap: reason=class_check action=maybe_recompile pc=0x000000011889eb60 method=java.lang.String.equals(Ljava/lang/Object;)Z @ 8 c2
Event: 4.268 Thread 0x00007fb5b3278000 Uncommon trap: reason=class_check action=maybe_recompile pc=0x000000011889eb60 method=java.lang.String.equals(Ljava/lang/Object;)Z @ 8 c2
Event: 4.715 Thread 0x00007fb5b3278000 Uncommon trap: reason=unstable_if action=reinterpret pc=0x000000011889d3e4 method=java.lang.CharacterData.of(I)Ljava/lang/CharacterData; @ 4 c2
Event: 4.716 Thread 0x00007fb5b3278000 Uncommon trap: reason=unstable_if action=reinterpret pc=0x000000011889a0f8 method=java.lang.String.isLatin1()Z @ 10 c2
Event: 4.717 Thread 0x00007fb5b3278000 Uncommon trap: reason=unstable_if action=reinterpret pc=0x000000011889d814 method=java.lang.String.isLatin1()Z @ 10 c2
Event: 5.060 Thread 0x00007fb5b3278000 Uncommon trap: reason=unstable_if action=reinterpret pc=0x00000001188de2f8 method=jdk.internal.org.objectweb.asm.Type.getArgumentsAndReturnSizes(Ljava/lang/String;)I @ 47 c2
Event: 5.122 Thread 0x00007fb5b21ca800 Uncommon trap: reason=unstable_if action=reinterpret pc=0x0000000118929880 method=java.lang.invoke.LambdaForm$BasicType.basicType(C)Ljava/lang/invoke/LambdaForm$BasicType; @ 1 c2

Classes redefined (0 events):
No events

Internal exceptions (10 events):
Event: 4.784 Thread 0x00007fb5b3278000 Exception <a 'java/lang/NoSuchMethodError'{0x000000078796a078}: java.lang.invoke.DirectMethodHandle$Holder.invokeInterface(Ljava/lang/Object;Ljava/lang/Object;Ljava/lang/Object;)Ljava/lang/Object;> (0x000000078796a078) thrown at [./open/src/hotspot/share/
Event: 4.784 Thread 0x00007fb5b3278000 Exception <a 'java/lang/IncompatibleClassChangeError'{0x000000078796d000}: Found class java.lang.Object, but interface was expected> (0x000000078796d000) thrown at [./open/src/hotspot/share/interpreter/linkResolver.cpp, line 838]
Event: 4.852 Thread 0x00007fb5b3278000 Exception <a 'java/lang/NoSuchMethodError'{0x0000000787776e58}: java.lang.invoke.DirectMethodHandle$Holder.invokeSpecialIFC(Ljava/lang/Object;Ljava/lang/Object;Ljava/lang/Object;Ljava/lang/Object;)V> (0x0000000787776e58) thrown at [./open/src/hotspot/shar
Event: 5.060 Thread 0x00007fb5b21ca800 Exception <a 'java/lang/NoSuchMethodError'{0x0000000787488a98}: java.lang.invoke.DirectMethodHandle$Holder.invokeStaticInit(Ljava/lang/Object;Ljava/lang/Object;)I> (0x0000000787488a98) thrown at [./open/src/hotspot/share/interpreter/linkResolver.cpp, line
Event: 5.060 Thread 0x00007fb5b3278000 Exception <a 'java/lang/NoSuchMethodError'{0x00000007874bf2d8}: java.lang.invoke.DirectMethodHandle$Holder.invokeStaticInit(Ljava/lang/Object;Ljava/lang/Object;Ljava/lang/Object;)J> (0x00000007874bf2d8) thrown at [./open/src/hotspot/share/interpreter/link
Event: 5.063 Thread 0x00007fb5b3278000 Exception <a 'java/lang/NoSuchMethodError'{0x00000007874d7918}: java.lang.invoke.DirectMethodHandle$Holder.invokeStatic(Ljava/lang/Object;Ljava/lang/Object;J)Ljava/lang/Object;> (0x00000007874d7918) thrown at [./open/src/hotspot/share/interpreter/linkReso
Event: 5.064 Thread 0x00007fb5b3278000 Exception <a 'java/lang/NoSuchMethodError'{0x00000007874dda90}: java.lang.invoke.Invokers$Holder.linkToTargetMethod(Ljava/lang/Object;JLjava/lang/Object;)Ljava/lang/Object;> (0x00000007874dda90) thrown at [./open/src/hotspot/share/interpreter/linkResolver
Event: 5.291 Thread 0x00007fb5b21ca800 Exception <a 'java/lang/NoSuchMethodError'{0x000000078707ae00}: java.lang.invoke.DirectMethodHandle$Holder.invokeStaticInit(Ljava/lang/Object;I)Ljava/lang/Object;> (0x000000078707ae00) thrown at [./open/src/hotspot/share/interpreter/linkResolver.cpp, line
Event: 6.313 Thread 0x00007fb5b3278000 Exception <a 'java/lang/NoSuchMethodError'{0x0000000786f5f878}: java.lang.invoke.DirectMethodHandle$Holder.invokeStatic(Ljava/lang/Object;Ljava/lang/Object;JIII)Ljava/lang/Object;> (0x0000000786f5f878) thrown at [./open/src/hotspot/share/interpreter/linkR
Event: 6.315 Thread 0x00007fb5b3278000 Exception <a 'java/lang/NoSuchMethodError'{0x0000000786f734c8}: java.lang.invoke.DirectMethodHandle$Holder.invokeStatic(Ljava/lang/Object;Ljava/lang/Object;ILjava/lang/Object;JIIII)Ljava/lang/Object;> (0x0000000786f734c8) thrown at [./open/src/hotspot/sha

Events (10 events):
Event: 6.561 Thread 0x00007fb5b21ca800 DEOPT PACKING pc=0x00000001116c5354 sp=0x000070000cd33860
Event: 6.561 Thread 0x00007fb5b21ca800 DEOPT UNPACKING pc=0x0000000110df20ca sp=0x000070000cd32cb8 mode 0
Event: 7.342 loading class com/sun/javafx/tk/quantum/QuantumToolkit
Event: 7.342 loading class com/sun/javafx/tk/quantum/QuantumToolkit done
Event: 7.342 loading class com/sun/javafx/tk/quantum/QuantumToolkit
Event: 7.342 loading class com/sun/javafx/tk/quantum/QuantumToolkit done
Event: 7.343 loading class com/sun/javafx/tk/RenderJob
Event: 7.343 loading class com/sun/javafx/tk/RenderJob done
Event: 8.198 loading class com/sun/javafx/tk/quantum/WindowStage
Event: 8.198 loading class com/sun/javafx/tk/quantum/WindowStage done


Dynamic libraries:
0x00000001038bd000 	/Library/Java/JavaVirtualMachines/jdk-11.0.14.jdk/Contents/Home/lib/jli/libjli.dylib
0x00007ff81f30d000 	/System/Library/Frameworks/Cocoa.framework/Versions/A/Cocoa
0x00007ff80b17e000 	/System/Library/Frameworks/AppKit.framework/Versions/C/AppKit
0x00007ff80e67a000 	/System/Library/Frameworks/CoreData.framework/Versions/A/CoreData
0x00007ff809595000 	/System/Library/Frameworks/Foundation.framework/Versions/C/Foundation
0x00007ff813442000 	/usr/lib/libSystem.B.dylib
0x00007ff80c010000 	/System/Library/PrivateFrameworks/UIFoundation.framework/Versions/A/UIFoundation
0x00007ff8192b9000 	/System/Library/PrivateFrameworks/RemoteViewServices.framework/Versions/A/RemoteViewServices
0x00007ff8116a4000 	/System/Library/PrivateFrameworks/XCTTargetBootstrap.framework/Versions/A/XCTTargetBootstrap
0x00007ff815252000 	/System/Library/PrivateFrameworks/InternationalSupport.framework/Versions/A/InternationalSupport
0x00007ff8152dc000 	/System/Library/PrivateFrameworks/UserActivity.framework/Versions/A/UserActivity
0x00007ff814632000 	/usr/lib/libspindump.dylib
0x00007ff80c29e000 	/System/Library/Frameworks/UniformTypeIdentifiers.framework/Versions/A/UniformTypeIdentifiers
0x00007ff80fddd000 	/usr/lib/libapp_launch_measurement.dylib
0x00007ff80f046000 	/System/Library/PrivateFrameworks/CoreAnalytics.framework/Versions/A/CoreAnalytics
0x00007ff80fde0000 	/System/Library/PrivateFrameworks/CoreAutoLayout.framework/Versions/A/CoreAutoLayout
0x00007ff811000000 	/System/Library/Frameworks/Metal.framework/Versions/A/Metal
0x00007ff811d1a000 	/usr/lib/liblangid.dylib
0x00007ff8116a8000 	/System/Library/PrivateFrameworks/CoreSVG.framework/Versions/A/CoreSVG
0x00007ff80d665000 	/System/Library/PrivateFrameworks/SkyLight.framework/Versions/A/SkyLight
0x00007ff80d9fb000 	/System/Library/Frameworks/CoreGraphics.framework/Versions/A/CoreGraphics
0x00007ff819928000 	/System/Library/Frameworks/Accelerate.framework/Versions/A/Accelerate
0x00007ff8140ad000 	/System/Library/PrivateFrameworks/IconServices.framework/Versions/A/IconServices
0x00007ff810fe5000 	/System/Library/Frameworks/IOSurface.framework/Versions/A/IOSurface
0x00007ff80f074000 	/usr/lib/libDiagnosticMessagesClient.dylib
0x00007ff813362000 	/usr/lib/libz.1.dylib
0x00007ff81cf99000 	/System/Library/Frameworks/ApplicationServices.framework/Versions/A/ApplicationServices
0x00007ff811690000 	/System/Library/PrivateFrameworks/DFRFoundation.framework/Versions/A/DFRFoundation
0x00007ff80aa6f000 	/usr/lib/libicucore.A.dylib
0x00007ff815f77000 	/System/Library/Frameworks/AudioToolbox.framework/Versions/A/AudioToolbox
0x00007ff81525e000 	/System/Library/PrivateFrameworks/DataDetectorsCore.framework/Versions/A/DataDetectorsCore
0x00007ff910bb6000 	/System/Library/PrivateFrameworks/TextInput.framework/Versions/A/TextInput
0x00007ff80d5e9000 	/usr/lib/libMobileGestalt.dylib
0x00007ff811398000 	/System/Library/Frameworks/Carbon.framework/Versions/A/Frameworks/HIToolbox.framework/Versions/A/HIToolbox
0x00007ff80f80a000 	/System/Library/Frameworks/QuartzCore.framework/Versions/A/QuartzCore
0x00007ff80a70f000 	/System/Library/Frameworks/Security.framework/Versions/A/Security
0x00007ff8192f1000 	/System/Library/Frameworks/Carbon.framework/Versions/A/Frameworks/SpeechRecognition.framework/Versions/A/SpeechRecognition
0x00007ff80fb3d000 	/System/Library/PrivateFrameworks/CoreUI.framework/Versions/A/CoreUI
0x00007ff809fe7000 	/System/Library/Frameworks/CoreAudio.framework/Versions/A/CoreAudio
0x00007ff80f162000 	/System/Library/Frameworks/DiskArbitration.framework/Versions/A/DiskArbitration
0x00007ff814a19000 	/System/Library/PrivateFrameworks/MultitouchSupport.framework/Versions/A/MultitouchSupport
0x00007ff80d5e8000 	/usr/lib/libenergytrace.dylib
0x00007ff80b06a000 	/System/Library/Frameworks/IOKit.framework/Versions/A/IOKit
0x00007ff8196dd000 	/System/Library/Frameworks/CoreServices.framework/Versions/A/CoreServices
0x00007ff80fd77000 	/System/Library/PrivateFrameworks/PerformanceAnalysis.framework/Versions/A/PerformanceAnalysis
0x00007ffa20386000 	/System/Library/Frameworks/OpenGL.framework/Versions/A/OpenGL
0x00007ff81298f000 	/System/Library/PrivateFrameworks/MobileKeyBag.framework/Versions/A/MobileKeyBag
0x00007ff808556000 	/usr/lib/libobjc.A.dylib
0x00007ff80e0c7000 	/System/Library/Frameworks/ColorSync.framework/Versions/A/ColorSync
0x00007ff80870f000 	/System/Library/Frameworks/CoreFoundation.framework/Versions/A/CoreFoundation
0x00007ff811921000 	/System/Library/Frameworks/CoreImage.framework/Versions/A/CoreImage
0x00007ff809dfd000 	/System/Library/Frameworks/CoreText.framework/Versions/A/CoreText
0x00007ff8116d7000 	/System/Library/Frameworks/ImageIO.framework/Versions/A/ImageIO
0x00007ff813448000 	/System/Library/PrivateFrameworks/SoftLinking.framework/Versions/A/SoftLinking
0x00007ff80fe28000 	/usr/lib/libxml2.2.dylib
0x00007ff80861c000 	/usr/lib/libc++.1.dylib
0x00007ff8136cc000 	/usr/lib/libcompression.dylib
0x00007ff815188000 	/System/Library/PrivateFrameworks/TextureIO.framework/Versions/A/TextureIO
0x00007ff813dbf000 	/usr/lib/libate.dylib
0x00007ff81343d000 	/usr/lib/system/libcache.dylib
0x00007ff8133f9000 	/usr/lib/system/libcommonCrypto.dylib
0x00007ff813422000 	/usr/lib/system/libcompiler_rt.dylib
0x00007ff813418000 	/usr/lib/system/libcopyfile.dylib
0x00007ff808450000 	/usr/lib/system/libcorecrypto.dylib
0x00007ff80850f000 	/usr/lib/system/libdispatch.dylib
0x00007ff8086ce000 	/usr/lib/system/libdyld.dylib
0x00007ff813434000 	/usr/lib/system/libkeymgr.dylib
0x00007ff8133d7000 	/usr/lib/system/libmacho.dylib
0x00007ff812a63000 	/usr/lib/system/libquarantine.dylib
0x00007ff813432000 	/usr/lib/system/libremovefile.dylib
0x00007ff80d635000 	/usr/lib/system/libsystem_asl.dylib
0x00007ff8083fe000 	/usr/lib/system/libsystem_blocks.dylib
0x00007ff808593000 	/usr/lib/system/libsystem_c.dylib
0x00007ff81342a000 	/usr/lib/system/libsystem_collections.dylib
0x00007ff811d0b000 	/usr/lib/system/libsystem_configuration.dylib
0x00007ff810fc8000 	/usr/lib/system/libsystem_containermanager.dylib
0x00007ff813114000 	/usr/lib/system/libsystem_coreservices.dylib
0x00007ff80acf8000 	/usr/lib/system/libsystem_darwin.dylib
0x00007ff813435000 	/usr/lib/system/libsystem_dnssd.dylib
0x00007ff808590000 	/usr/lib/system/libsystem_featureflags.dylib
0x00007ff8086e4000 	/usr/lib/system/libsystem_info.dylib
0x00007ff813375000 	/usr/lib/system/libsystem_m.dylib
0x00007ff8084e3000 	/usr/lib/system/libsystem_malloc.dylib
0x00007ff80d5d2000 	/usr/lib/system/libsystem_networkextension.dylib
0x00007ff80b120000 	/usr/lib/system/libsystem_notify.dylib
0x00007ff8195b2000 	/usr/lib/system/libsystem_product_info_filter.dylib
0x00007ff811d0f000 	/usr/lib/system/libsystem_sandbox.dylib
0x00007ff81342f000 	/usr/lib/system/libsystem_secinit.dylib
0x00007ff80868b000 	/usr/lib/system/libsystem_kernel.dylib
0x00007ff8086da000 	/usr/lib/system/libsystem_platform.dylib
0x00007ff8086c2000 	/usr/lib/system/libsystem_pthread.dylib
0x00007ff80ee8d000 	/usr/lib/system/libsystem_symptoms.dylib
0x00007ff808437000 	/usr/lib/system/libsystem_trace.dylib
0x00007ff813405000 	/usr/lib/system/libunwind.dylib
0x00007ff808400000 	/usr/lib/system/libxpc.dylib
0x00007ff808675000 	/usr/lib/libc++abi.dylib
0x00007ff813410000 	/usr/lib/liboah.dylib
0x00007ff813b9d000 	/usr/lib/liblzma.5.dylib
0x00007ff8092a6000 	/System/Library/Frameworks/SystemConfiguration.framework/Versions/A/SystemConfiguration
0x00007ff813444000 	/usr/lib/libfakelink.dylib
0x00007ff80d13b000 	/System/Library/Frameworks/CFNetwork.framework/Versions/A/CFNetwork
0x00007ff813583000 	/usr/lib/libarchive.2.dylib
0x00007ff811d16000 	/System/Library/PrivateFrameworks/AppleSystemInfo.framework/Versions/A/AppleSystemInfo
0x00007ff812a8a000 	/usr/lib/libbsm.0.dylib
0x00007ff80c771000 	/usr/lib/libnetwork.dylib
0x00007ff8133dd000 	/usr/lib/system/libkxld.dylib
0x00007ff8126b8000 	/System/Library/PrivateFrameworks/IOMobileFramebuffer.framework/Versions/A/IOMobileFramebuffer
0x00007ffb1e1ab000 	/usr/lib/libCoreEntitlements.dylib
0x00007ff8130f6000 	/System/Library/PrivateFrameworks/AppleFSCompression.framework/Versions/A/AppleFSCompression
0x00007ff812a72000 	/usr/lib/libcoretls.dylib
0x00007ff813bb7000 	/usr/lib/libcoretls_cfhelpers.dylib
0x00007ff8136c7000 	/usr/lib/libpam.2.dylib
0x00007ff80eaaf000 	/usr/lib/libsqlite3.dylib
0x00007ff813c26000 	/usr/lib/libxar.1.dylib
0x00007ff813106000 	/usr/lib/libbz2.1.0.dylib
0x00007ff813449000 	/usr/lib/libpcap.A.dylib
0x00007ff80ee84000 	/usr/lib/libdns_services.dylib
0x00007ff813696000 	/usr/lib/libapple_nghttp2.dylib
0x00007ff813480000 	/usr/lib/libiconv.2.dylib
0x00007ff8133d6000 	/usr/lib/libcharset.1.dylib
0x00007ff80fdab000 	/System/Library/Frameworks/CoreServices.framework/Versions/A/Frameworks/FSEvents.framework/Versions/A/FSEvents
0x00007ff80ad02000 	/System/Library/Frameworks/CoreServices.framework/Versions/A/Frameworks/CarbonCore.framework/Versions/A/CarbonCore
0x00007ff80f0c7000 	/System/Library/Frameworks/CoreServices.framework/Versions/A/Frameworks/Metadata.framework/Versions/A/Metadata
0x00007ff813119000 	/System/Library/Frameworks/CoreServices.framework/Versions/A/Frameworks/OSServices.framework/Versions/A/OSServices
0x00007ff81360a000 	/System/Library/Frameworks/CoreServices.framework/Versions/A/Frameworks/SearchKit.framework/Versions/A/SearchKit
0x00007ff80ee16000 	/System/Library/Frameworks/CoreServices.framework/Versions/A/Frameworks/AE.framework/Versions/A/AE
0x00007ff808c12000 	/System/Library/Frameworks/CoreServices.framework/Versions/A/Frameworks/LaunchServices.framework/Versions/A/LaunchServices
0x00007ff813b4e000 	/System/Library/Frameworks/CoreServices.framework/Versions/A/Frameworks/DictionaryServices.framework/Versions/A/DictionaryServices
0x00007ff80fdb8000 	/System/Library/Frameworks/CoreServices.framework/Versions/A/Frameworks/SharedFileList.framework/Versions/A/SharedFileList
0x00007ff812a66000 	/usr/lib/libCheckFix.dylib
0x00007ff80d64c000 	/System/Library/PrivateFrameworks/TCC.framework/Versions/A/TCC
0x00007ff811d1c000 	/System/Library/PrivateFrameworks/CoreNLP.framework/Versions/A/CoreNLP
0x00007ff80f077000 	/System/Library/PrivateFrameworks/MetadataUtilities.framework/Versions/A/MetadataUtilities
0x00007ff809356000 	/usr/lib/libmecabra.dylib
0x00007ff812a9a000 	/usr/lib/libmecab.dylib
0x00007ff809321000 	/usr/lib/libCRFSuite.dylib
0x00007ff812af7000 	/usr/lib/libgermantok.dylib
0x00007ff813671000 	/usr/lib/libThaiTokenizer.dylib
0x00007ff80f169000 	/System/Library/Frameworks/Accelerate.framework/Versions/A/Frameworks/vImage.framework/Versions/A/vImage
0x00007ff8196b4000 	/System/Library/Frameworks/Accelerate.framework/Versions/A/Frameworks/vecLib.framework/Versions/A/vecLib
0x00007ff813c67000 	/System/Library/Frameworks/Accelerate.framework/Versions/A/Frameworks/vecLib.framework/Versions/A/libvMisc.dylib
0x00007ff8124d6000 	/System/Library/Frameworks/Accelerate.framework/Versions/A/Frameworks/vecLib.framework/Versions/A/libvDSP.dylib
0x00007ff808f8a000 	/System/Library/Frameworks/Accelerate.framework/Versions/A/Frameworks/vecLib.framework/Versions/A/libBLAS.dylib
0x00007ff8137a8000 	/System/Library/Frameworks/Accelerate.framework/Versions/A/Frameworks/vecLib.framework/Versions/A/libLAPACK.dylib
0x00007ff812afa000 	/System/Library/Frameworks/Accelerate.framework/Versions/A/Frameworks/vecLib.framework/Versions/A/libLinearAlgebra.dylib
0x00007ff8136af000 	/System/Library/Frameworks/Accelerate.framework/Versions/A/Frameworks/vecLib.framework/Versions/A/libSparseBLAS.dylib
0x00007ff8137a2000 	/System/Library/Frameworks/Accelerate.framework/Versions/A/Frameworks/vecLib.framework/Versions/A/libQuadrature.dylib
0x00007ff811e06000 	/System/Library/Frameworks/Accelerate.framework/Versions/A/Frameworks/vecLib.framework/Versions/A/libBNNS.dylib
0x00007ff809237000 	/System/Library/Frameworks/Accelerate.framework/Versions/A/Frameworks/vecLib.framework/Versions/A/libSparse.dylib
0x00007ff811dff000 	/System/Library/PrivateFrameworks/LinguisticData.framework/Versions/A/LinguisticData
0x00007ff8091ec000 	/System/Library/PrivateFrameworks/Lexicon.framework/Versions/A/Lexicon
0x00007ff813c60000 	/usr/lib/libChineseTokenizer.dylib
0x00007ff809950000 	/System/Library/PrivateFrameworks/LanguageModeling.framework/Versions/A/LanguageModeling
0x00007ff813673000 	/System/Library/PrivateFrameworks/AppleSauce.framework/Versions/A/AppleSauce
0x00007ff8126a6000 	/System/Library/PrivateFrameworks/CoreEmoji.framework/Versions/A/CoreEmoji
0x00007ff813572000 	/usr/lib/libcmph.dylib
0x00007ff80fd8f000 	/System/Library/Frameworks/OpenDirectory.framework/Versions/A/Frameworks/CFOpenDirectory.framework/Versions/A/CFOpenDirectory
0x00007ff80fd83000 	/System/Library/Frameworks/OpenDirectory.framework/Versions/A/OpenDirectory
0x00007ff813bb9000 	/System/Library/PrivateFrameworks/APFS.framework/Versions/A/APFS
0x00007ff8129c7000 	/System/Library/Frameworks/SecurityFoundation.framework/Versions/A/SecurityFoundation
0x00007ff813c34000 	/usr/lib/libutil.dylib
0x00007ff80b02d000 	/System/Library/PrivateFrameworks/CoreServicesStore.framework/Versions/A/CoreServicesStore
0x00007ff813c38000 	/usr/lib/libxslt.1.dylib
0x00007ff812a54000 	/System/Library/PrivateFrameworks/BackgroundTaskManagement.framework/Versions/A/BackgroundTaskManagement
0x00007ff8150a8000 	/System/Library/Frameworks/ImageIO.framework/Versions/A/Resources/libRadiance.dylib
0x00007ff8150b1000 	/System/Library/Frameworks/ImageIO.framework/Versions/A/Resources/libJPEG.dylib
0x00007ff815001000 	/System/Library/Frameworks/ImageIO.framework/Versions/A/Resources/libPng.dylib
0x00007ff815022000 	/System/Library/Frameworks/ImageIO.framework/Versions/A/Resources/libTIFF.dylib
0x00007ff815111000 	/System/Library/Frameworks/ImageIO.framework/Versions/A/Resources/libGIF.dylib
0x00007ff814932000 	/System/Library/Frameworks/ImageIO.framework/Versions/A/Resources/libJP2.dylib
0x00007ff814074000 	/usr/lib/libexpat.1.dylib
0x00007ff8148e7000 	/System/Library/PrivateFrameworks/AppleJPEG.framework/Versions/A/AppleJPEG
0x00007ff81125b000 	/System/Library/PrivateFrameworks/FontServices.framework/libFontParser.dylib
0x00007ff80edc0000 	/System/Library/PrivateFrameworks/RunningBoardServices.framework/Versions/A/RunningBoardServices
0x00007ff81f889000 	/System/Library/PrivateFrameworks/IOSurfaceAccelerator.framework/Versions/A/IOSurfaceAccelerator
0x00007ff814a15000 	/System/Library/PrivateFrameworks/WatchdogClient.framework/Versions/A/WatchdogClient
0x00007ff809a3f000 	/System/Library/Frameworks/CoreDisplay.framework/Versions/A/CoreDisplay
0x00007ff81115a000 	/System/Library/Frameworks/CoreMedia.framework/Versions/A/CoreMedia
0x00007ff810ff7000 	/System/Library/PrivateFrameworks/IOAccelerator.framework/Versions/A/IOAccelerator
0x00007ff80ff0b000 	/System/Library/Frameworks/CoreVideo.framework/Versions/A/CoreVideo
0x00007ff8136c5000 	/System/Library/Frameworks/MetalPerformanceShaders.framework/Versions/A/MetalPerformanceShaders
0x00007ff814a50000 	/System/Library/Frameworks/VideoToolbox.framework/Versions/A/VideoToolbox
0x00007ff80ed08000 	/System/Library/PrivateFrameworks/BaseBoard.framework/Versions/A/BaseBoard
0x00007ff80ea95000 	/System/Library/PrivateFrameworks/ProtocolBuffer.framework/Versions/A/ProtocolBuffer
0x00007ff8150a1000 	/System/Library/PrivateFrameworks/GPUWrangler.framework/Versions/A/GPUWrangler
0x00007ff815084000 	/System/Library/PrivateFrameworks/IOPresentment.framework/Versions/A/IOPresentment
0x00007ff8150ab000 	/System/Library/PrivateFrameworks/DSExternalDisplay.framework/Versions/A/DSExternalDisplay
0x00007ffa2037a000 	/System/Library/Frameworks/OpenGL.framework/Versions/A/Libraries/libCoreFSCache.dylib
0x00007ffb0c41b000 	/System/Library/PrivateFrameworks/GPUCompiler.framework/Versions/31001/Libraries/libGPUCompilerUtils.dylib
0x00007ff815116000 	/System/Library/PrivateFrameworks/CMCaptureCore.framework/Versions/A/CMCaptureCore
0x00007ff814620000 	/System/Library/PrivateFrameworks/AppServerSupport.framework/Versions/A/AppServerSupport
0x00007ff8167fd000 	/System/Library/PrivateFrameworks/perfdata.framework/Versions/A/perfdata
0x00007ff809b6b000 	/System/Library/PrivateFrameworks/AudioToolboxCore.framework/Versions/A/AudioToolboxCore
0x00007ff811137000 	/System/Library/PrivateFrameworks/caulk.framework/Versions/A/caulk
0x00007ff816121000 	/usr/lib/libAudioStatistics.dylib
0x00007ff90d444000 	/System/Library/PrivateFrameworks/SystemPolicy.framework/Versions/A/SystemPolicy
0x00007ff816376000 	/usr/lib/libSMC.dylib
0x00007ff81f1c0000 	/System/Library/Frameworks/CoreMIDI.framework/Versions/A/CoreMIDI
0x00007ff814fd1000 	/usr/lib/libAudioToolboxUtility.dylib
0x00007ff909856000 	/System/Library/PrivateFrameworks/OSAServicesClient.framework/Versions/A/OSAServicesClient
0x00007ff81680a000 	/usr/lib/libperfcheck.dylib
0x00007ff90ded6000 	/usr/lib/libmis.dylib
0x00007ffa203d6000 	/System/Library/Frameworks/OpenGL.framework/Versions/A/Libraries/libGLU.dylib
0x00007ffa20399000 	/System/Library/Frameworks/OpenGL.framework/Versions/A/Libraries/libGFXShared.dylib
0x00007ffa205a7000 	/System/Library/Frameworks/OpenGL.framework/Versions/A/Libraries/libGL.dylib
0x00007ffa203a2000 	/System/Library/Frameworks/OpenGL.framework/Versions/A/Libraries/libGLImage.dylib
0x00007ffa20396000 	/System/Library/Frameworks/OpenGL.framework/Versions/A/Libraries/libCVMSPluginSupport.dylib
0x00007ffa20381000 	/System/Library/Frameworks/OpenGL.framework/Versions/A/Libraries/libCoreVMClient.dylib
0x00007ff811c9a000 	/System/Library/Frameworks/MetalPerformanceShaders.framework/Versions/A/Frameworks/MPSCore.framework/Versions/A/MPSCore
0x00007ff813061000 	/System/Library/Frameworks/MetalPerformanceShaders.framework/Versions/A/Frameworks/MPSImage.framework/Versions/A/MPSImage
0x00007ff812b10000 	/System/Library/Frameworks/MetalPerformanceShaders.framework/Versions/A/Frameworks/MPSNeuralNetwork.framework/Versions/A/MPSNeuralNetwork
0x00007ff812f85000 	/System/Library/Frameworks/MetalPerformanceShaders.framework/Versions/A/Frameworks/MPSMatrix.framework/Versions/A/MPSMatrix
0x00007ff812d41000 	/System/Library/Frameworks/MetalPerformanceShaders.framework/Versions/A/Frameworks/MPSRayIntersector.framework/Versions/A/MPSRayIntersector
0x00007ff812fbe000 	/System/Library/Frameworks/MetalPerformanceShaders.framework/Versions/A/Frameworks/MPSNDArray.framework/Versions/A/MPSNDArray
0x00007ffa24f9b000 	/System/Library/Frameworks/MetalPerformanceShaders.framework/Versions/A/Frameworks/MPSFunctions.framework/Versions/A/MPSFunctions
0x00007ff808e6d000 	/System/Library/PrivateFrameworks/MetalTools.framework/Versions/A/MetalTools
0x00007ff811d14000 	/System/Library/PrivateFrameworks/AggregateDictionary.framework/Versions/A/AggregateDictionary
0x00007ff813e56000 	/usr/lib/libIOReport.dylib
0x00007ffa219b6000 	/System/Library/Frameworks/OpenCL.framework/Versions/A/OpenCL
0x00007ff8141ba000 	/System/Library/PrivateFrameworks/FaceCore.framework/Versions/A/FaceCore
0x00007ff8141ab000 	/System/Library/PrivateFrameworks/GraphVisualizer.framework/Versions/A/GraphVisualizer
0x00007ffb0c326000 	/System/Library/PrivateFrameworks/FontServices.framework/Versions/A/FontServices
0x00007ff8145d7000 	/System/Library/PrivateFrameworks/OTSVG.framework/Versions/A/OTSVG
0x00007ff80faf3000 	/System/Library/Frameworks/ApplicationServices.framework/Versions/A/Frameworks/ATS.framework/Versions/A/Resources/libFontRegistry.dylib
0x00007ff814628000 	/System/Library/PrivateFrameworks/FontServices.framework/libhvf.dylib
0x00007ffb0c327000 	/System/Library/PrivateFrameworks/FontServices.framework/libXTFontStaticRegistryData.dylib
0x00007ff814024000 	/System/Library/PrivateFrameworks/AppleVA.framework/Versions/A/AppleVA
0x00007ff816145000 	/System/Library/Frameworks/ApplicationServices.framework/Versions/A/Frameworks/ATS.framework/Versions/A/ATS
0x00007ff80e1c3000 	/System/Library/Frameworks/ApplicationServices.framework/Versions/A/Frameworks/HIServices.framework/Versions/A/HIServices
0x00007ff815120000 	/System/Library/Frameworks/ApplicationServices.framework/Versions/A/Frameworks/PrintCore.framework/Versions/A/PrintCore
0x00007ff8164c9000 	/System/Library/Frameworks/ApplicationServices.framework/Versions/A/Frameworks/QD.framework/Versions/A/QD
0x00007ff8164c1000 	/System/Library/Frameworks/ApplicationServices.framework/Versions/A/Frameworks/ColorSyncLegacy.framework/Versions/A/ColorSyncLegacy
0x00007ff816135000 	/System/Library/Frameworks/ApplicationServices.framework/Versions/A/Frameworks/SpeechSynthesis.framework/Versions/A/SpeechSynthesis
0x00007ff8150e1000 	/System/Library/Frameworks/ApplicationServices.framework/Versions/A/Frameworks/ATSUI.framework/Versions/A/ATSUI
0x00007ff816456000 	/usr/lib/libcups.2.dylib
0x00007ff816819000 	/System/Library/Frameworks/Kerberos.framework/Versions/A/Kerberos
0x00007ff816828000 	/System/Library/Frameworks/GSS.framework/Versions/A/GSS
0x00007ff8161b1000 	/usr/lib/libresolv.9.dylib
0x00007ff814637000 	/System/Library/PrivateFrameworks/Heimdal.framework/Versions/A/Heimdal
0x00007ff81d316000 	/System/Library/Frameworks/Kerberos.framework/Versions/A/Libraries/libHeimdalProxy.dylib
0x00007ff80ee95000 	/System/Library/Frameworks/Network.framework/Versions/A/Network
0x00007ff81408e000 	/usr/lib/libheimdal-asn1.dylib
0x00007ff816874000 	/System/Library/PrivateFrameworks/CommonAuth.framework/Versions/A/CommonAuth
0x00007ff8160b2000 	/System/Library/PrivateFrameworks/AudioSession.framework/Versions/A/AudioSession
0x00007ff81411e000 	/System/Library/PrivateFrameworks/MediaExperience.framework/Versions/A/MediaExperience
0x00007ff815f46000 	/System/Library/PrivateFrameworks/AudioSession.framework/libSessionUtility.dylib
0x00007ff8164d5000 	/System/Library/PrivateFrameworks/AudioResourceArbitration.framework/Versions/A/AudioResourceArbitration
0x00007ff81a4c7000 	/System/Library/PrivateFrameworks/PowerLog.framework/Versions/A/PowerLog
0x00007ff814097000 	/System/Library/PrivateFrameworks/IconFoundation.framework/Versions/A/IconFoundation
0x00007ff8192e1000 	/System/Library/PrivateFrameworks/SpeechRecognitionCore.framework/Versions/A/SpeechRecognitionCore
0x0000000104639000 	/Library/Java/JavaVirtualMachines/jdk-11.0.14.jdk/Contents/Home/lib/server/libjvm.dylib
0x00000001038eb000 	/Library/Java/JavaVirtualMachines/jdk-11.0.14.jdk/Contents/Home/lib/libverify.dylib
0x0000000103927000 	/Library/Java/JavaVirtualMachines/jdk-11.0.14.jdk/Contents/Home/lib/libjava.dylib
0x00000001038fb000 	/Library/Java/JavaVirtualMachines/jdk-11.0.14.jdk/Contents/Home/lib/libjimage.dylib
0x0000000103916000 	/Library/Java/JavaVirtualMachines/jdk-11.0.14.jdk/Contents/Home/lib/libinstrument.dylib
0x0000000103993000 	/Library/Java/JavaVirtualMachines/jdk-11.0.14.jdk/Contents/Home/lib/libzip.dylib
0x00000001043dd000 	/Library/Java/JavaVirtualMachines/jdk-11.0.14.jdk/Contents/Home/lib/libnio.dylib
0x0000000104408000 	/Library/Java/JavaVirtualMachines/jdk-11.0.14.jdk/Contents/Home/lib/libnet.dylib
0x00000001043ef000 	/Users/yashlucas/.openjfx/cache/11.0.2/libprism_es2.dylib
0x00007ff80afee000 	/System/Library/PrivateFrameworks/CoreServicesInternal.framework/Versions/A/CoreServicesInternal
0x00007ffa205b2000 	/System/Library/Frameworks/OpenGL.framework/Versions/A/Resources/GLEngine.bundle/GLEngine
0x00007ffa20414000 	/System/Library/Frameworks/OpenGL.framework/Versions/A/Libraries/libGLProgrammability.dylib
0x00007ffa147da000 	/System/Library/Extensions/AppleIntelKBLGraphicsGLDriver.bundle/Contents/MacOS/AppleIntelKBLGraphicsGLDriver
0x00007ff917dba000 	/System/Library/PrivateFrameworks/GPUSupport.framework/Versions/A/Libraries/libGPUSupportMercury.dylib
0x00007ffa20741000 	/System/Library/Frameworks/OpenGL.framework/Versions/A/Resources/GLRendererFloat.bundle/GLRendererFloat
0x0000000108abb000 	/Users/yashlucas/.openjfx/cache/11.0.2/libglass.dylib
0x00007ff81aab8000 	/System/Library/Frameworks/FileProvider.framework/Versions/A/FileProvider
0x00007ff80ec74000 	/System/Library/Frameworks/Accounts.framework/Versions/A/Accounts
0x00007ff81ac30000 	/System/Library/PrivateFrameworks/GenerationalStorage.framework/Versions/A/GenerationalStorage
0x00007ff81b742000 	/System/Library/PrivateFrameworks/CoreSymbolication.framework/Versions/A/CoreSymbolication
0x00007ff81a4bc000 	/System/Library/PrivateFrameworks/SymptomDiagnosticReporter.framework/Versions/A/SymptomDiagnosticReporter
0x00007ff80c2b2000 	/System/Library/PrivateFrameworks/DesktopServicesPriv.framework/Versions/A/DesktopServicesPriv
0x00007ff80b12f000 	/usr/lib/libsandbox.1.dylib
0x00007ff80ff8a000 	/System/Library/PrivateFrameworks/UserManagement.framework/Versions/A/UserManagement
0x00007ff81b707000 	/System/Library/PrivateFrameworks/DebugSymbols.framework/Versions/A/DebugSymbols
0x00007ff8164b6000 	/System/Library/PrivateFrameworks/NetAuth.framework/Versions/A/NetAuth
0x00007ff8173a5000 	/System/Library/PrivateFrameworks/Sharing.framework/Versions/A/Sharing
0x00007ff80ff5d000 	/System/Library/PrivateFrameworks/login.framework/Versions/A/Frameworks/loginsupport.framework/Versions/A/loginsupport
0x00007ff81c848000 	/System/Library/PrivateFrameworks/Apple80211.framework/Versions/A/Apple80211
0x00007ff813146000 	/System/Library/PrivateFrameworks/AuthKit.framework/Versions/A/AuthKit
0x00007ff81279c000 	/System/Library/PrivateFrameworks/CoreUtils.framework/Versions/A/CoreUtils
0x00007ff8126c3000 	/System/Library/Frameworks/CoreWLAN.framework/Versions/A/CoreWLAN
0x00007ff817500000 	/System/Library/Frameworks/IOBluetooth.framework/Versions/A/IOBluetooth
0x00007ff81c8b0000 	/System/Library/PrivateFrameworks/CoreWiFi.framework/Versions/A/CoreWiFi
0x00007ff81b2dc000 	/System/Library/PrivateFrameworks/FrontBoardServices.framework/Versions/A/FrontBoardServices
0x00007ff81b36e000 	/System/Library/PrivateFrameworks/BoardServices.framework/Versions/A/BoardServices
0x00007ff8129b6000 	/System/Library/PrivateFrameworks/AssertionServices.framework/Versions/A/AssertionServices
0x00007ff81ca34000 	/System/Library/PrivateFrameworks/BackBoardServices.framework/Versions/A/BackBoardServices
0x00007ff816903000 	/System/Library/PrivateFrameworks/CorePhoneNumbers.framework/Versions/A/CorePhoneNumbers
0x00007ff81a5d9000 	/System/Library/PrivateFrameworks/DiskManagement.framework/Versions/A/DiskManagement
0x00007ff81a4ed000 	/System/Library/PrivateFrameworks/AppleIDAuthSupport.framework/Versions/A/AppleIDAuthSupport
0x00007ffa26f54000 	/System/Library/PrivateFrameworks/AAAFoundation.framework/Versions/A/AAAFoundation
0x00007ff8168e4000 	/System/Library/PrivateFrameworks/KeychainCircle.framework/Versions/A/KeychainCircle
0x00007ff81a5a5000 	/System/Library/PrivateFrameworks/MediaKit.framework/Versions/A/MediaKit
0x00007ff81a4f9000 	/System/Library/Frameworks/DiscRecording.framework/Versions/A/DiscRecording
0x00007ff813f9c000 	/usr/lib/libCoreStorage.dylib
0x00007ff81cd23000 	/usr/lib/libcsfde.dylib
0x00007ff8175cd000 	/System/Library/PrivateFrameworks/ProtectedCloudStorage.framework/Versions/A/ProtectedCloudStorage
0x00007ff81cd1f000 	/System/Library/PrivateFrameworks/EFILogin.framework/Versions/A/EFILogin
0x00007ff81ac56000 	/System/Library/PrivateFrameworks/OctagonTrust.framework/Versions/A/OctagonTrust
0x00007ffb0b648000 	/System/Library/PrivateFrameworks/CoreUtilsExtras.framework/Versions/A/CoreUtilsExtras
0x00007ff81a42f000 	/System/Library/Frameworks/CoreBluetooth.framework/Versions/A/CoreBluetooth
0x00007ff81d39b000 	/System/Library/Frameworks/AudioUnit.framework/Versions/A/AudioUnit
0x00007ff813f94000 	/usr/lib/libMatch.1.dylib
0x00007ff91233a000 	/System/Library/Frameworks/Accelerate.framework/Versions/A/Frameworks/vImage.framework/Versions/A/Libraries/libCGInterfaces.dylib
0x00000001262aa000 	/usr/lib/libobjc-trampolines.dylib
0x00007ff80fc83000 	/System/Library/PrivateFrameworks/ViewBridge.framework/Versions/A/ViewBridge
0x00007ff91b8fe000 	/System/Library/PrivateFrameworks/AccessibilitySupport.framework/Versions/A/Frameworks/AccessibilityFoundation.framework/Versions/A/AccessibilityFoundation
0x00007ff8146f1000 	/System/Library/PrivateFrameworks/login.framework/Versions/A/login
0x00007ffb1e2bd000 	/usr/lib/libRosetta.dylib
0x0000000128d9d000 	/Users/yashlucas/.openjfx/cache/11.0.2/libjavafx_iio.dylib
0x00000001287a3000 	/Users/yashlucas/.openjfx/cache/11.0.2/libjavafx_font.dylib


VM Arguments:
jvm_args: -javaagent:/Applications/IntelliJ IDEA.app/Contents/lib/idea_rt.jar=57138:/Applications/IntelliJ IDEA.app/Contents/bin -Dfile.encoding=UTF-8 --module-path=/Users/yashlucas/.m2/repository/com/github/almasb/fxgl-entity/11.17/fxgl-entity-11.17.jar:/Users/yashlucas/.m2/repository/com/github/almasb/fxgl/11.17/fxgl-11.17.jar:/Users/yashlucas/.m2/repository/com/github/almasb/fxgl-scene/11.17/fxgl-scene-11.17.jar:/Users/yashlucas/.m2/repository/org/kordamp/bootstrapfx/bootstrapfx-core/0.4.0/bootstrapfx-core-0.4.0.jar:/Users/yashlucas/.m2/repository/com/gluonhq/attach/lifecycle/4.0.9/lifecycle-4.0.9.jar:/Users/yashlucas/.m2/repository/com/github/almasb/fxgl-io/11.17/fxgl-io-11.17.jar:/Users/yashlucas/.m2/repository/org/kordamp/ikonli/ikonli-core/12.3.0/ikonli-core-12.3.0.jar:/Users/yashlucas/.m2/repository/eu/hansolo/tilesfx/11.48/tilesfx-11.48.jar:/Users/yashlucas/.m2/repository/com/fasterxml/jackson/core/jackson-annotations/2.12.1/jackson-annotations-2.12.1.jar:/Users/yashlucas/.m2/repository/org/openjfx/javafx-controls/11.0.2/javafx-controls-11.0.2-mac.jar:/Users/yashlucas/.m2/repository/com/gluonhq/attach/storage/4.0.9/storage-4.0.9.jar:/Users/yashlucas/.m2/repository/org/openjfx/javafx-web/11.0.2/javafx-web-11.0.2-mac.jar:/Users/yashlucas/.m2/repository/org/kordamp/ikonli/ikonli-javafx/12.3.0/ikonli-javafx-12.3.0.jar:/Users/yashlucas/.m2/repository/org/controlsfx/controlsfx/11.1.1/controlsfx-11.1.1.jar:/Users/yashlucas/.m2/repository/com/fasterxml/jackson/core/jackson-databind/2.12.1/jackson-databind-2.12.1.jar:/Users/yashlucas/.m2/repository/org/jetbrains/kotlin/kotlin-stdlib/1.5.10/kotlin-stdlib-1.5.10-modular.jar:/Users/yashlucas/.m2/repository/org/openjfx/javafx-base/11.0.2/javafx-base-11.0.2-mac.jar:/Users/yashlucas/.m2/repository/com/gluonhq/attach/audio/4.0.9/audio-4.0.9.jar:/Users/yashlucas/.m2/repository/org/openjfx/javafx-graphics/11.0.2/javafx-graphics-11.0.2-mac.jar:/Users/yashlucas/.m2/repository/com/fasterxml/jackson/core/jackson-core/2.12.1/jackson-core-2.12.1.jar:/Users/yashlucas/.m2/repository/com/github/almasb/fxgl-gameplay/11.17/fxgl-gameplay-11.17.jar:/Users/yashlucas/.m2/repository/org/-Djdk.module.main=com.example.cia_3 
java_command: com.example.cia_3/com.example.cia_3.HelloApplication
java_class_path (initial): /Users/yashlucas/.m2/repository/org/openjfx/javafx-controls/11.0.2/javafx-controls-11.0.2.jar:/Users/yashlucas/.m2/repository/org/openjfx/javafx-graphics/11.0.2/javafx-graphics-11.0.2.jar:/Users/yashlucas/.m2/repository/org/openjfx/javafx-base/11.0.2/javafx-base-11.0.2.jar:/Users/yashlucas/.m2/repository/org/openjfx/javafx-fxml/11.0.2/javafx-fxml-11.0.2.jar:/Users/yashlucas/.m2/repository/org/openjfx/javafx-web/11.0.2/javafx-web-11.0.2.jar:/Users/yashlucas/.m2/repository/org/openjfx/javafx-media/11.0.2/javafx-media-11.0.2.jar:/Users/yashlucas/.m2/repository/org/jetbrains/annotations/13.0/annotations-13.0.jar:/Users/yashlucas/.m2/repository/org/jetbrains/kotlin/kotlin-stdlib-common/1.5.10/kotlin-stdlib-common-1.5.10.jar
Launcher Type: SUN_STANDARD

[Global flags]
     intx CICompilerCount                          = 3                                         {product} {ergonomic}
     uint ConcGCThreads                            = 1                                         {product} {ergonomic}
     uint G1ConcRefinementThreads                  = 4                                         {product} {ergonomic}
   size_t G1HeapRegionSize                         = 1048576                                   {product} {ergonomic}
    uintx GCDrainStackTargetSize                   = 64                                        {product} {ergonomic}
   size_t InitialHeapSize                          = 134217728                                 {product} {ergonomic}
   size_t MarkStackSize                            = 4194304                                   {product} {ergonomic}
   size_t MaxHeapSize                              = 2147483648                                {product} {ergonomic}
   size_t MaxNewSize                               = 1287651328                                {product} {ergonomic}
   size_t MinHeapDeltaBytes                        = 1048576                                   {product} {ergonomic}
    uintx NonNMethodCodeHeapSize                   = 5830732                                {pd product} {ergonomic}
    uintx NonProfiledCodeHeapSize                  = 122913754                              {pd product} {ergonomic}
    uintx ProfiledCodeHeapSize                     = 122913754                              {pd product} {ergonomic}
    uintx ReservedCodeCacheSize                    = 251658240                              {pd product} {ergonomic}
     bool SegmentedCodeCache                       = true                                      {product} {ergonomic}
     bool UseCompressedClassPointers               = true                                 {lp64_product} {ergonomic}
     bool UseCompressedOops                        = true                                 {lp64_product} {ergonomic}
     bool UseG1GC                                  = true                                      {product} {ergonomic}

Logging:
Log output configuration:
 #0: stdout all=warning uptime,level,tags
 #1: stderr all=off uptime,level,tags

Environment Variables:
PATH=/Users/yashlucas/opt/anaconda3/bin:/Users/yashlucas/opt/anaconda3/condabin:/Library/Frameworks/Python.framework/Versions/3.9/bin:/Library/Frameworks/Python.framework/Versions/3.8/bin:/usr/local/bin:/usr/bin:/bin:/usr/sbin:/sbin
SHELL=/bin/zsh

Signal Handlers:
SIGSEGV: [libjvm.dylib+0x789b18], sa_mask[0]=11111111011111110111111111111111, sa_flags=SA_ONSTACK|SA_RESTART|SA_SIGINFO
SIGBUS: [libjvm.dylib+0x789b18], sa_mask[0]=11111111011111110111111111111111, sa_flags=SA_RESTART|SA_SIGINFO
SIGFPE: [libjvm.dylib+0x789b18], sa_mask[0]=11111111011111110111111111111111, sa_flags=SA_RESTART|SA_SIGINFO
SIGPIPE: [libjvm.dylib+0x63c69b], sa_mask[0]=11111111011111110111111111111111, sa_flags=SA_RESTART|SA_SIGINFO
SIGXFSZ: [libjvm.dylib+0x63c69b], sa_mask[0]=11111111011111110111111111111111, sa_flags=SA_RESTART|SA_SIGINFO
SIGILL: [libjvm.dylib+0x789b18], sa_mask[0]=11111111011111110111111111111111, sa_flags=SA_RESTART|SA_SIGINFO
SIGUSR2: [libjvm.dylib+0x63cc70], sa_mask[0]=00100000000000000000000000000000, sa_flags=SA_RESTART|SA_SIGINFO
SIGHUP: [libjvm.dylib+0x63b773], sa_mask[0]=11111111011111110111111111111111, sa_flags=SA_RESTART|SA_SIGINFO
SIGINT: [libjvm.dylib+0x63b773], sa_mask[0]=11111111011111110111111111111111, sa_flags=SA_RESTART|SA_SIGINFO
SIGTERM: [libjvm.dylib+0x63b773], sa_mask[0]=11111111011111110111111111111111, sa_flags=SA_RESTART|SA_SIGINFO
SIGQUIT: [libjvm.dylib+0x63b773], sa_mask[0]=11111111011111110111111111111111, sa_flags=SA_RESTART|SA_SIGINFO


---------------  S Y S T E M  ---------------

OS:uname:Darwin 21.3.0 Darwin Kernel Version 21.3.0: Wed Jan  5 21:37:58 PST 2022; root:xnu-8019.80.24~20/RELEASE_X86_64 x86_64
rlimit: STACK 8192k, CORE 0k, NPROC 1392, NOFILE 10240, AS infinity, DATA infinity, FSIZE infinity
load average:7.54 4.59 4.63

CPU:total 4 (initial active 4) (2 cores per cpu, 2 threads per core) family 6 model 142 stepping 9 microcode 0xec, cmov, cx8, fxsr, mmx, sse, sse2, sse3, ssse3, sse4.1, sse4.2, popcnt, avx, avx2, aes, clmul, erms, 3dnowpref, lzcnt, ht, tsc, tscinvbit, bmi1, bmi2, adx, fma

Memory: 4k page, physical 8388608k(18800k free)

vm_info: Java HotSpot(TM) 64-Bit Server VM (11.0.14+8-LTS-263) for bsd-amd64 JRE (11.0.14+8-LTS-263), built on Dec  7 2021 21:55:44 by "mach5one" with gcc 4.2.1 Compatible Apple LLVM 11.0.0 (clang-1100.0.33.17)

END.
